speed_k_d 

speed_k_i 

speed_k_p 

torque_a_k_d 

torque_a_k_i 

torque_a_k_p 

torque_f_k_d 

torque_f_k_i 

torque_f_k_p 

HANtuneOverride 

simulation_time
Board_ID_s
SI_FreeHeap
SI_FreeStack
local_ticks_interrupt
SI_CPUload
LedValue
Master_ID_s
Role_ID_s
votes_Board_1_DEBUG
votes_Board_2_DEBUG
votes_Board_3_DEBUG
Board_1_error_counter_s
Board_2_error_counter_s
Board_3_error_counter_s
msg_count_DEBUG_s
Desync_Sync_bc1_s
expected_LT_setvalues_CAN1_s
expected_LT_setvalues_CAN2_s
Desync_setvalues_s
Rx_temporal_setvalues_CAN2
Rx_temporal_setvalues_CAN1
expected_LT_sensorvalues_CAN1_s
expected_LT_sensorvalues_CAN2_s
Desync_sensorvalues_s
Rx_temporal_sensorvalues_CAN2
Rx_temporal_sensorvalues_CAN1
expected_LT_outemulator_CAN1_s
expected_LT_outemulator_CAN2_s
Desync_outemulator_s
Rx_temporal_outemulator_CAN2
Rx_temporal_outemulator_CAN1
expected_LT_outcontrol2_CAN1_s
expected_LT_outcontrol2_CAN2_s
Desync_outcontrol2_s
Rx_temporal_outcontrol2_CAN2
Rx_temporal_outcontrol2_CAN1
expected_LT_outcontrol1_CAN1_s
expected_LT_outcontrol1_CAN2_s
Desync_outcontrol1_s
Rx_temporal_outcontrol1_CAN2
Rx_temporal_outcontrol1_CAN1
theta_fr_stored_s
theta_fl_stored_s
delta_dot_f_s
theta_ar_stored_s
theta_al_stored_s
delta_dot_a_s
delta_f_est_current_s
delta_dot_f_prev_s
rx_data_t_steerF_s
delta_f_est_s
delta_a_est_current_s
delta_dot_a_prev_s
rx_data_t_steerA_s
delta_a_est_s
v_est_s
v_integral_s
v_ctreff_s
torque_fr_set_s
torque_fl_set_s
torque_ar_set_s
torque_al_set_s
expected_LT_vote3_CAN1_s
expected_LT_vote3_CAN2_s
Desync_Vote3_s
Rx_temporal_vote3_CAN2
Rx_temporal_vote3_CAN1
expected_LT_vote2_CAN1_s
expected_LT_vote2_CAN2_s
Desync_Vote2_s
Rx_temporal_vote2_CAN2
Rx_temporal_vote2_CAN1
expected_LT_vote1_CAN1_s
expected_LT_vote1_CAN2_s
Desync_Vote1_s
Rx_temporal_vote1_CAN2
Rx_temporal_vote1_CAN1
Desync_Sync_bc0_s
TM1_timeout_counter_s
TM2_timeout_counter_s
TM3_timeout_counter_s
Rx_msg_ticks_setvalues_CAN1_s
Rx_msg_ticks_setvalues_CAN2_s
Rx_msg_ticks_sensorvalues_CAN1_s
Rx_msg_ticks_sensorvalues_CAN2_s
Rx_msg_ticks_outemulator_CAN1_s
Rx_msg_ticks_outemulator_CAN2_s
Rx_msg_ticks_outcontrol2_CAN1_s
Rx_msg_ticks_outcontrol2_CAN2_s
Rx_msg_ticks_outcontrol1_CAN1_s
Rx_msg_ticks_outcontrol1_CAN2_s
Rx_msg_ticks_vote3_CAN1_s
Rx_msg_ticks_vote3_CAN2_s
Rx_msg_ticks_vote2_CAN1_s
Rx_msg_ticks_vote2_CAN2_s
Rx_msg_ticks_vote1_CAN1_s
Rx_msg_ticks_vote1_CAN2_s
Rx_init_LT
TMR_miss1_set
TMR_miss2_set
TMR_miss1_sensor
TMR_miss2_sensor
error_log1_s
error_log2_s
error_log3_s
shift7_s
shift6_s
shift5_s
shift4_s
shift3_s
shift2_s
shift1_s
Rx_id_sync1_CAN2
Rx_mc_sync1_CAN2
Rx_bc_sync1_CAN2
Rx_id_sync1_CAN1
Rx_mc_sync1_CAN1
Rx_bc_sync1_CAN1
Rx_id_setvalues_CAN2
Rx_mc_setvalues_CAN2
Rx_bc_setvalues_CAN2
Rx_id_setvalues_CAN1
Rx_mc_setvalues_CAN1
Rx_bc_setvalues_CAN1
Rx_id_sensorvalues_CAN2
Rx_mc_sensorvalues_CAN2
Rx_bc_sensorvalues_CAN2
Rx_id_sensorvalues_CAN1
Rx_mc_sensorvalues_CAN1
Rx_bc_sensorvalues_CAN1
Rx_id_outemulator_CAN2
Rx_mc_outemulator_CAN2
Rx_bc_outemulator_CAN2
Rx_id_outemulator_CAN1
Rx_mc_outemulator_CAN1
Rx_bc_outemulator_CAN1
Rx_id_outcontrol2_CAN2
Rx_mc_outcontrol2_CAN2
Rx_bc_outcontrol2_CAN2
Rx_id_outcontrol2_CAN1
Rx_mc_outcontrol2_CAN1
Rx_bc_outcontrol2_CAN1
Rx_id_outcontrol1_CAN2
Rx_mc_outcontrol1_CAN2
Rx_bc_outcontrol1_CAN2
Rx_id_outcontrol1_CAN1
Rx_mc_outcontrol1_CAN1
Rx_bc_outcontrol1_CAN1
Rx_id_vote3_CAN2
Rx_mc_vote3_CAN2
Rx_bc_vote3_CAN2
Rx_id_vote3_CAN1
Rx_mc_vote3_CAN1
Rx_bc_vote3_CAN1
Rx_id_vote2_CAN2
Rx_mc_vote2_CAN2
Rx_bc_vote2_CAN2
Rx_id_vote2_CAN1
Rx_mc_vote2_CAN1
Rx_bc_vote2_CAN1
Rx_id_vote1_CAN2
Rx_mc_vote1_CAN2
Rx_bc_vote1_CAN2
Rx_id_vote1_CAN1
Rx_mc_vote1_CAN1
Rx_bc_vote1_CAN1
Vote_s
Rx_id_sync0_CAN2
Rx_mc_sync0_CAN2
Rx_bc_sync0_CAN2
Rx_id_sync0_CAN1
Rx_mc_sync0_CAN1
Rx_bc_sync0_CAN1
Rx_init_id
Rx_init_mc
Rx_init_bc
bacic_cycle_s
BC1_sync_processed_s
BC0_sync_processed_s
BC0_vote1_processed_s
BC0_vote2_processed_s
BC0_vote3_processed_s
TMR_miss_set
TMR_miss_sensor
TMR_miss_out1
TMR_miss_out2
tau_fr_agree_s
tau_fl_agree_s
tau_ar_agree_s
tau_al_agree_s
tau_fr2_agree_s
tau_fl2_agree_s
tau_ar2_agree_s
tau_al2_agree_s
tau_fr1_agree_s
tau_fl1_agree_s
tau_ar1_agree_s
tau_al1_agree_s
new_set_rx_s
new_sensor_rx_s
out2_rx_s
out1_rx_s
reset_s
Tx_temporal_msg_CAN2
TxCAN2_counter_s
TxID_CAN2_s
Local_Ticks_Activation_CAN2_send
FRC_Activation_CAN2_send
Rx_temporal_msg_CAN2
RxCAN2_counter_s
RxID_CAN2_s
Rx_msg_ticks_CAN2
Rx_temporal_msg_CAN1
RxCAN1_counter_s
RxID_CAN1_s
Rx_msg_ticks_CAN1
Tx_temporal_msg_CAN1
TxCAN1_counter_s
TxID_CAN1_s
Local_Ticks_Activation_CAN1_send
FRC_Activation_CAN1_send
